{"contracts/Angela.sol":{"l":{"22":0,"23":0,"27":0,"28":0,"32":0,"34":0,"35":0,"38":0,"39":0,"42":0,"43":0,"44":0,"47":0,"50":0,"53":0,"57":0,"65":0,"67":0,"68":0,"72":0,"86":0,"89":0,"91":0,"92":0,"93":0,"95":0,"96":0,"101":0,"107":0,"108":0,"111":0,"124":0,"139":0,"144":0,"157":0,"159":0,"162":0,"166":0,"174":0},"path":"/Users/bretthenderson/Developer/WORK/CATALOG/CONTRACT DEVELOPMENT/catalog-contracts/contracts/Angela.sol","s":{"1":0,"2":0,"3":0,"4":0,"5":0,"6":0,"7":0,"8":0,"9":0,"10":0,"11":0,"12":0,"13":0,"14":0,"15":0,"16":0,"17":0,"18":0,"19":0,"20":0,"21":0,"22":0,"23":0,"24":0,"25":0,"26":0,"27":0,"28":0,"29":0,"30":0,"31":0,"32":0,"33":0,"34":0,"35":0,"36":0,"37":0,"38":0,"39":0,"40":0},"b":{"1":[0,0],"2":[0,0],"3":[0,0],"4":[0,0],"5":[0,0],"6":[0,0],"7":[0,0],"8":[0,0],"9":[0,0],"10":[0,0],"11":[0,0]},"f":{"1":0,"2":0,"3":0,"4":0,"5":0},"fnMap":{"1":{"name":"calculateRootHash","line":14,"loc":{"start":{"line":14,"column":4},"end":{"line":74,"column":4}}},"2":{"name":"calculateRootHashNoLength","line":79,"loc":{"start":{"line":79,"column":4},"end":{"line":113,"column":4}}},"3":{"name":"verify","line":116,"loc":{"start":{"line":116,"column":4},"end":{"line":125,"column":4}}},"4":{"name":"update","line":129,"loc":{"start":{"line":129,"column":4},"end":{"line":145,"column":4}}},"5":{"name":"append","line":149,"loc":{"start":{"line":149,"column":4},"end":{"line":175,"column":4}}}},"statementMap":{"1":{"start":{"line":22,"column":8},"end":{"line":22,"column":369}},"2":{"start":{"line":23,"column":12},"end":{"line":23,"column":29}},"3":{"start":{"line":27,"column":8},"end":{"line":27,"column":29}},"4":{"start":{"line":28,"column":8},"end":{"line":28,"column":37}},"5":{"start":{"line":32,"column":8},"end":{"line":32,"column":536}},"6":{"start":{"line":34,"column":12},"end":{"line":34,"column":45}},"7":{"start":{"line":35,"column":12},"end":{"line":35,"column":42}},"8":{"start":{"line":38,"column":12},"end":{"line":38,"column":665}},"9":{"start":{"line":39,"column":16},"end":{"line":39,"column":28}},"10":{"start":{"line":42,"column":12},"end":{"line":42,"column":747}},"11":{"start":{"line":43,"column":16},"end":{"line":43,"column":44}},"12":{"start":{"line":44,"column":16},"end":{"line":44,"column":29}},"13":{"start":{"line":47,"column":12},"end":{"line":47,"column":44}},"14":{"start":{"line":50,"column":12},"end":{"line":50,"column":924}},"15":{"start":{"line":52,"column":19},"end":{"line":52,"column":1032}},"16":{"start":{"line":53,"column":16},"end":{"line":53,"column":1075}},"17":{"start":{"line":57,"column":16},"end":{"line":57,"column":1215}},"18":{"start":{"line":65,"column":12},"end":{"line":65,"column":36}},"19":{"start":{"line":67,"column":12},"end":{"line":67,"column":26}},"20":{"start":{"line":68,"column":12},"end":{"line":68,"column":34}},"21":{"start":{"line":72,"column":8},"end":{"line":72,"column":24}},"22":{"start":{"line":86,"column":8},"end":{"line":86,"column":37}},"23":{"start":{"line":89,"column":8},"end":{"line":89,"column":1771}},"24":{"start":{"line":91,"column":12},"end":{"line":91,"column":45}},"25":{"start":{"line":92,"column":12},"end":{"line":92,"column":41}},"26":{"start":{"line":93,"column":12},"end":{"line":93,"column":44}},"27":{"start":{"line":95,"column":12},"end":{"line":95,"column":1971}},"28":{"start":{"line":96,"column":16},"end":{"line":96,"column":2014}},"29":{"start":{"line":101,"column":16},"end":{"line":101,"column":2155}},"30":{"start":{"line":107,"column":12},"end":{"line":107,"column":26}},"31":{"start":{"line":108,"column":12},"end":{"line":108,"column":34}},"32":{"start":{"line":111,"column":8},"end":{"line":111,"column":24}},"33":{"start":{"line":124,"column":8},"end":{"line":124,"column":75}},"34":{"start":{"line":139,"column":8},"end":{"line":139,"column":2929}},"35":{"start":{"line":144,"column":8},"end":{"line":144,"column":66}},"36":{"start":{"line":157,"column":8},"end":{"line":157,"column":3327}},"37":{"start":{"line":159,"column":12},"end":{"line":159,"column":3360}},"38":{"start":{"line":162,"column":16},"end":{"line":162,"column":65}},"39":{"start":{"line":166,"column":16},"end":{"line":166,"column":3546}},"40":{"start":{"line":174,"column":8},"end":{"line":174,"column":67}}},"branchMap":{"1":{"line":22,"type":"if","locations":[{"start":{"line":22,"column":8},"end":{"line":22,"column":8}},{"start":{"line":22,"column":8},"end":{"line":22,"column":8}}]},"2":{"line":38,"type":"if","locations":[{"start":{"line":38,"column":12},"end":{"line":38,"column":12}},{"start":{"line":38,"column":12},"end":{"line":38,"column":12}}]},"3":{"line":42,"type":"if","locations":[{"start":{"line":42,"column":12},"end":{"line":42,"column":12}},{"start":{"line":42,"column":12},"end":{"line":42,"column":12}}]},"4":{"line":50,"type":"if","locations":[{"start":{"line":50,"column":12},"end":{"line":50,"column":12}},{"start":{"line":50,"column":12},"end":{"line":50,"column":12}}]},"5":{"line":52,"type":"if","locations":[{"start":{"line":52,"column":19},"end":{"line":52,"column":19}},{"start":{"line":52,"column":19},"end":{"line":52,"column":19}}]},"6":{"line":95,"type":"if","locations":[{"start":{"line":95,"column":12},"end":{"line":95,"column":12}},{"start":{"line":95,"column":12},"end":{"line":95,"column":12}}]},"7":{"line":139,"type":"if","locations":[{"start":{"line":139,"column":8},"end":{"line":139,"column":8}},{"start":{"line":139,"column":8},"end":{"line":139,"column":8}}]},"8":{"line":157,"type":"if","locations":[{"start":{"line":157,"column":8},"end":{"line":157,"column":8}},{"start":{"line":157,"column":8},"end":{"line":157,"column":8}}]},"9":{"line":159,"type":"if","locations":[{"start":{"line":159,"column":12},"end":{"line":159,"column":12}},{"start":{"line":159,"column":12},"end":{"line":159,"column":12}}]},"10":{"line":162,"type":"if","locations":[{"start":{"line":162,"column":16},"end":{"line":162,"column":16}},{"start":{"line":162,"column":16},"end":{"line":162,"column":16}}]},"11":{"line":166,"type":"if","locations":[{"start":{"line":166,"column":16},"end":{"line":166,"column":16}},{"start":{"line":166,"column":16},"end":{"line":166,"column":16}}]}}},"contracts/AngelaList.sol":{"l":{"41":3,"42":3,"47":1,"52":1},"path":"/Users/bretthenderson/Developer/WORK/CATALOG/CONTRACT DEVELOPMENT/catalog-contracts/contracts/AngelaList.sol","s":{"1":3,"2":3,"3":1,"4":1},"b":{},"f":{"1":3,"2":1,"3":1},"fnMap":{"1":{"name":"updateMerkleRoot","line":40,"loc":{"start":{"line":40,"column":4},"end":{"line":43,"column":4}}},"2":{"name":"leaf","line":46,"loc":{"start":{"line":46,"column":4},"end":{"line":48,"column":4}}},"3":{"name":"verify","line":51,"loc":{"start":{"line":51,"column":4},"end":{"line":53,"column":4}}}},"statementMap":{"1":{"start":{"line":41,"column":8},"end":{"line":41,"column":28}},"2":{"start":{"line":42,"column":8},"end":{"line":42,"column":42}},"3":{"start":{"line":47,"column":8},"end":{"line":47,"column":52}},"4":{"start":{"line":52,"column":8},"end":{"line":52,"column":71}}},"branchMap":{}},"contracts/BasicContract.sol":{"l":{"16":1,"17":1,"18":1,"27":1,"36":0},"path":"/Users/bretthenderson/Developer/WORK/CATALOG/CONTRACT DEVELOPMENT/catalog-contracts/contracts/BasicContract.sol","s":{"1":1,"2":1,"3":1,"4":1,"5":0},"b":{},"f":{"1":3,"2":1,"3":1,"4":0},"fnMap":{"1":{"name":"constructor","line":13,"loc":{"start":{"line":13,"column":4},"end":{"line":13,"column":50}}},"2":{"name":"safeMint","line":15,"loc":{"start":{"line":15,"column":4},"end":{"line":19,"column":4}}},"3":{"name":"_beforeTokenTransfer","line":23,"loc":{"start":{"line":23,"column":4},"end":{"line":28,"column":4}}},"4":{"name":"supportsInterface","line":30,"loc":{"start":{"line":30,"column":4},"end":{"line":37,"column":4}}}},"statementMap":{"1":{"start":{"line":16,"column":8},"end":{"line":16,"column":51}},"2":{"start":{"line":17,"column":8},"end":{"line":17,"column":34}},"3":{"start":{"line":18,"column":8},"end":{"line":18,"column":29}},"4":{"start":{"line":27,"column":8},"end":{"line":27,"column":52}},"5":{"start":{"line":36,"column":8},"end":{"line":36,"column":51}}},"branchMap":{}},"contracts/CTest.sol":{"l":{"76":3,"77":3,"80":3,"84":3,"92":9,"97":1,"99":1,"106":0,"108":0,"114":0,"119":1,"121":1,"126":2,"128":1,"143":5,"146":5,"147":5,"149":5,"158":5,"163":5,"180":1,"182":1,"184":1,"185":1,"187":1,"196":1,"201":1,"212":1,"213":1,"220":1,"222":1,"228":1,"241":0,"242":0,"245":0,"256":0},"path":"/Users/bretthenderson/Developer/WORK/CATALOG/CONTRACT DEVELOPMENT/catalog-contracts/contracts/CTest.sol","s":{"1":3,"2":3,"3":3,"4":3,"5":9,"6":1,"7":1,"8":0,"9":0,"10":0,"11":1,"12":1,"13":2,"14":1,"15":5,"16":5,"17":5,"18":5,"19":5,"20":5,"21":1,"22":1,"23":1,"24":1,"25":1,"26":1,"27":1,"28":1,"29":1,"30":1,"31":1,"32":1,"33":0,"34":0,"35":0,"36":0},"b":{"1":[1,0],"2":[1,0],"3":[1,1],"4":[5,0],"5":[1,0],"6":[1,0],"7":[1,0],"8":[0,0]},"f":{"1":3,"2":3,"3":9,"4":1,"5":0,"6":0,"7":1,"8":2,"9":5,"10":1,"11":1,"12":1,"13":1,"14":0,"15":0},"fnMap":{"1":{"name":"constructor","line":67,"loc":{"start":{"line":67,"column":4},"end":{"line":67,"column":30}}},"2":{"name":"initialize","line":74,"loc":{"start":{"line":70,"column":4},"end":{"line":86,"column":4}}},"3":{"name":"owner","line":91,"loc":{"start":{"line":91,"column":4},"end":{"line":93,"column":4}}},"4":{"name":"burn","line":96,"loc":{"start":{"line":96,"column":4},"end":{"line":100,"column":4}}},"5":{"name":"getURIs","line":104,"loc":{"start":{"line":104,"column":4},"end":{"line":109,"column":4}}},"6":{"name":"tokenContentURI","line":113,"loc":{"start":{"line":113,"column":4},"end":{"line":115,"column":4}}},"7":{"name":"creator","line":118,"loc":{"start":{"line":118,"column":4},"end":{"line":122,"column":4}}},"8":{"name":"royaltyPayoutAddress","line":125,"loc":{"start":{"line":125,"column":4},"end":{"line":129,"column":4}}},"9":{"name":"mint","line":134,"loc":{"start":{"line":134,"column":4},"end":{"line":166,"column":4}}},"10":{"name":"mintWhitelist","line":169,"loc":{"start":{"line":169,"column":4},"end":{"line":203,"column":4}}},"11":{"name":"updateTokenURIs","line":210,"loc":{"start":{"line":206,"column":4},"end":{"line":217,"column":4}}},"12":{"name":"tokenURI","line":219,"loc":{"start":{"line":219,"column":4},"end":{"line":223,"column":4}}},"13":{"name":"updateRoyaltyInfo","line":226,"loc":{"start":{"line":226,"column":4},"end":{"line":231,"column":4}}},"14":{"name":"royaltyInfo","line":234,"loc":{"start":{"line":234,"column":4},"end":{"line":246,"column":4}}},"15":{"name":"supportsInterface","line":250,"loc":{"start":{"line":250,"column":4},"end":{"line":260,"column":4}}}},"statementMap":{"1":{"start":{"line":76,"column":8},"end":{"line":76,"column":36}},"2":{"start":{"line":77,"column":8},"end":{"line":77,"column":23}},"3":{"start":{"line":80,"column":8},"end":{"line":80,"column":32}},"4":{"start":{"line":84,"column":8},"end":{"line":84,"column":34}},"5":{"start":{"line":92,"column":8},"end":{"line":92,"column":28}},"6":{"start":{"line":97,"column":8},"end":{"line":97,"column":33}},"7":{"start":{"line":99,"column":8},"end":{"line":99,"column":22}},"8":{"start":{"line":106,"column":8},"end":{"line":106,"column":51}},"9":{"start":{"line":108,"column":8},"end":{"line":108,"column":50}},"10":{"start":{"line":114,"column":8},"end":{"line":114,"column":45}},"11":{"start":{"line":119,"column":8},"end":{"line":119,"column":84}},"12":{"start":{"line":121,"column":8},"end":{"line":121,"column":42}},"13":{"start":{"line":126,"column":8},"end":{"line":126,"column":84}},"14":{"start":{"line":128,"column":8},"end":{"line":128,"column":48}},"15":{"start":{"line":143,"column":8},"end":{"line":143,"column":67}},"16":{"start":{"line":146,"column":8},"end":{"line":146,"column":51}},"17":{"start":{"line":147,"column":8},"end":{"line":147,"column":29}},"18":{"start":{"line":149,"column":8},"end":{"line":149,"column":5427}},"19":{"start":{"line":158,"column":8},"end":{"line":158,"column":78}},"20":{"start":{"line":163,"column":8},"end":{"line":163,"column":34}},"21":{"start":{"line":180,"column":8},"end":{"line":180,"column":63}},"22":{"start":{"line":182,"column":8},"end":{"line":182,"column":67}},"23":{"start":{"line":184,"column":8},"end":{"line":184,"column":51}},"24":{"start":{"line":185,"column":8},"end":{"line":185,"column":29}},"25":{"start":{"line":187,"column":8},"end":{"line":187,"column":6482}},"26":{"start":{"line":196,"column":8},"end":{"line":196,"column":78}},"27":{"start":{"line":201,"column":8},"end":{"line":201,"column":34}},"28":{"start":{"line":212,"column":8},"end":{"line":212,"column":53}},"29":{"start":{"line":213,"column":8},"end":{"line":213,"column":51}},"30":{"start":{"line":220,"column":8},"end":{"line":220,"column":84}},"31":{"start":{"line":222,"column":8},"end":{"line":222,"column":46}},"32":{"start":{"line":228,"column":8},"end":{"line":228,"column":64}},"33":{"start":{"line":241,"column":8},"end":{"line":241,"column":8103}},"34":{"start":{"line":242,"column":12},"end":{"line":242,"column":31}},"35":{"start":{"line":245,"column":8},"end":{"line":245,"column":80}},"36":{"start":{"line":256,"column":8},"end":{"line":256,"column":8528}}},"branchMap":{"1":{"line":97,"type":"if","locations":[{"start":{"line":97,"column":8},"end":{"line":97,"column":8}},{"start":{"line":97,"column":8},"end":{"line":97,"column":8}}]},"2":{"line":119,"type":"if","locations":[{"start":{"line":119,"column":8},"end":{"line":119,"column":8}},{"start":{"line":119,"column":8},"end":{"line":119,"column":8}}]},"3":{"line":126,"type":"if","locations":[{"start":{"line":126,"column":8},"end":{"line":126,"column":8}},{"start":{"line":126,"column":8},"end":{"line":126,"column":8}}]},"4":{"line":143,"type":"if","locations":[{"start":{"line":143,"column":8},"end":{"line":143,"column":8}},{"start":{"line":143,"column":8},"end":{"line":143,"column":8}}]},"5":{"line":180,"type":"if","locations":[{"start":{"line":180,"column":8},"end":{"line":180,"column":8}},{"start":{"line":180,"column":8},"end":{"line":180,"column":8}}]},"6":{"line":182,"type":"if","locations":[{"start":{"line":182,"column":8},"end":{"line":182,"column":8}},{"start":{"line":182,"column":8},"end":{"line":182,"column":8}}]},"7":{"line":220,"type":"if","locations":[{"start":{"line":220,"column":8},"end":{"line":220,"column":8}},{"start":{"line":220,"column":8},"end":{"line":220,"column":8}}]},"8":{"line":241,"type":"if","locations":[{"start":{"line":241,"column":8},"end":{"line":241,"column":8}},{"start":{"line":241,"column":8},"end":{"line":241,"column":8}}]}}},"contracts/interfaces/IAngelaList.sol":{"l":{},"path":"/Users/bretthenderson/Developer/WORK/CATALOG/CONTRACT DEVELOPMENT/catalog-contracts/contracts/interfaces/IAngelaList.sol","s":{},"b":{},"f":{},"fnMap":{},"statementMap":{},"branchMap":{}},"contracts/interfaces/ICTest.sol":{"l":{},"path":"/Users/bretthenderson/Developer/WORK/CATALOG/CONTRACT DEVELOPMENT/catalog-contracts/contracts/interfaces/ICTest.sol","s":{},"b":{},"f":{},"fnMap":{},"statementMap":{},"branchMap":{}}}